.circleci/config.yml
.editorconfig
.github/CODEOWNERS
.github/CODE_OF_CONDUCT.md
.github/ISSUE_TEMPLATE.md
.github/PULL_REQUEST_TEMPLATE.md
.gitignore
.project
CONTRIBUTING.md
Jenkinsfile
LICENSE
README.md
auth/.gitignore
auth/build.gradle
auth/gradle.properties
auth/src/main/AndroidManifest.xml
auth/src/main/java/org/aerogear/mobile/auth/AuthService.java
auth/src/main/java/org/aerogear/mobile/auth/AuthStateManager.java
auth/src/main/java/org/aerogear/mobile/auth/AuthenticationException.java
auth/src/main/java/org/aerogear/mobile/auth/Callback.java
auth/src/main/java/org/aerogear/mobile/auth/authenticator/AbstractAuthenticator.java
auth/src/main/java/org/aerogear/mobile/auth/authenticator/AuthenticateOptions.java
auth/src/main/java/org/aerogear/mobile/auth/authenticator/AuthorizationServiceFactory.java
auth/src/main/java/org/aerogear/mobile/auth/authenticator/DefaultAuthenticateOptions.java
auth/src/main/java/org/aerogear/mobile/auth/authenticator/oidc/OIDCAuthenticatorImpl.java
auth/src/main/java/org/aerogear/mobile/auth/configuration/AuthServiceConfiguration.java
auth/src/main/java/org/aerogear/mobile/auth/configuration/KeycloakConfiguration.java
auth/src/main/java/org/aerogear/mobile/auth/credentials/JwksException.java
auth/src/main/java/org/aerogear/mobile/auth/credentials/JwksManager.java
auth/src/main/java/org/aerogear/mobile/auth/credentials/OIDCCredentials.java
auth/src/main/java/org/aerogear/mobile/auth/user/RoleType.java
auth/src/main/java/org/aerogear/mobile/auth/user/UserPrincipal.java
auth/src/main/java/org/aerogear/mobile/auth/user/UserPrincipalImpl.java
auth/src/main/java/org/aerogear/mobile/auth/user/UserRole.java
auth/src/main/java/org/aerogear/mobile/auth/utils/UserIdentityParser.java
auth/src/main/java/org/aerogear/mobile/security/AbstractSecurityCheckExecutor.java
auth/src/main/java/org/aerogear/mobile/security/AsyncSecurityCheckExecutor.java
auth/src/main/java/org/aerogear/mobile/security/SecurityCheck.java
auth/src/main/java/org/aerogear/mobile/security/SecurityCheckExecutor.java
auth/src/main/java/org/aerogear/mobile/security/SecurityCheckExecutorListener.java
auth/src/main/java/org/aerogear/mobile/security/SecurityCheckMetricPublisher.java
auth/src/main/java/org/aerogear/mobile/security/SecurityCheckResult.java
auth/src/main/java/org/aerogear/mobile/security/SecurityCheckType.java
auth/src/main/java/org/aerogear/mobile/security/SecurityService.java
auth/src/main/java/org/aerogear/mobile/security/SyncSecurityCheckExecutor.java
auth/src/main/java/org/aerogear/mobile/security/checks/AbstractSecurityCheck.java
auth/src/main/java/org/aerogear/mobile/security/checks/AllowBackupFlagCheck.java
auth/src/main/java/org/aerogear/mobile/security/checks/DebuggerCheck.java
auth/src/main/java/org/aerogear/mobile/security/checks/DeveloperModeCheck.java
auth/src/main/java/org/aerogear/mobile/security/checks/EmulatorCheck.java
auth/src/main/java/org/aerogear/mobile/security/checks/EncryptionCheck.java
auth/src/main/java/org/aerogear/mobile/security/checks/RootedCheck.java
auth/src/main/java/org/aerogear/mobile/security/checks/ScreenLockCheck.java
auth/src/main/java/org/aerogear/mobile/security/impl/SecurityCheckResultImpl.java
auth/src/main/java/org/aerogear/mobile/security/metrics/SecurityCheckResultMetric.java
auth/src/test/java/org/aerogear/mobile/auth/AuthServiceTest.java
auth/src/test/java/org/aerogear/mobile/auth/AuthStateManagerTest.java
auth/src/test/java/org/aerogear/mobile/auth/authenticator/OIDCAuthenticateOptionsTest.java
auth/src/test/java/org/aerogear/mobile/auth/authenticator/OIDCAuthenticatorImplTest.java
auth/src/test/java/org/aerogear/mobile/auth/credentials/JwksManagerTest.java
auth/src/test/java/org/aerogear/mobile/auth/credentials/OIDCCredentialsTest.java
auth/src/test/java/org/aerogear/mobile/auth/user/UserPrincipalImplTest.java
auth/src/test/java/org/aerogear/mobile/auth/utils/UserIdentityParserTest.java
auth/src/test/java/org/aerogear/mobile/security/SecurityCheckExecutorTest.java
auth/src/test/java/org/aerogear/mobile/security/checks/AllowBackupFlagCheckTest.java
auth/src/test/java/org/aerogear/mobile/security/checks/DebuggerCheckTest.java
auth/src/test/java/org/aerogear/mobile/security/checks/DeveloperModeCheckTest.java
auth/src/test/java/org/aerogear/mobile/security/checks/EmulatorCheckTest.java
auth/src/test/java/org/aerogear/mobile/security/checks/EncryptionCheckTest.java
auth/src/test/java/org/aerogear/mobile/security/checks/RootedCheckTest.java
auth/src/test/java/org/aerogear/mobile/security/checks/ScreenLockCheckTest.java
auth/src/test/java/org/aerogear/mobile/security/impl/SecurityCheckResultTest.java
auth/src/test/java/org/aerogear/mobile/security/metrics/SecurityCheckResultMetricTest.java
auth/src/test/resources/mockito-extensions/org.mockito.plugins.MockMaker
build.gradle
codequality/aerogear.importorder
codequality/eclipse-code-style.xml
constants.gradle
core/.gitignore
core/build.gradle
core/gradle.properties
core/proguard-rules.pro
core/src/debug/assets/dummy-mobile-services.json
core/src/debug/assets/empty-mobile-services.json
core/src/debug/assets/mobile-services.json
core/src/main/AndroidManifest.xml
core/src/main/java/org/aerogear/mobile/core/MobileCore.java
core/src/main/java/org/aerogear/mobile/core/ServiceModule.java
core/src/main/java/org/aerogear/mobile/core/configuration/MobileCoreJsonParser.java
core/src/main/java/org/aerogear/mobile/core/configuration/ServiceConfiguration.java
core/src/main/java/org/aerogear/mobile/core/exception/ConfigurationNotFoundException.java
core/src/main/java/org/aerogear/mobile/core/exception/InitializationException.java
core/src/main/java/org/aerogear/mobile/core/executor/AppExecutors.java
core/src/main/java/org/aerogear/mobile/core/http/HttpRequest.java
core/src/main/java/org/aerogear/mobile/core/http/HttpResponse.java
core/src/main/java/org/aerogear/mobile/core/http/HttpServiceModule.java
core/src/main/java/org/aerogear/mobile/core/http/OkHttpRequest.java
core/src/main/java/org/aerogear/mobile/core/http/OkHttpResponse.java
core/src/main/java/org/aerogear/mobile/core/http/OkHttpServiceModule.java
core/src/main/java/org/aerogear/mobile/core/logging/Logger.java
core/src/main/java/org/aerogear/mobile/core/logging/LoggerAdapter.java
core/src/main/java/org/aerogear/mobile/core/metrics/Metrics.java
core/src/main/java/org/aerogear/mobile/core/metrics/MetricsPublisher.java
core/src/main/java/org/aerogear/mobile/core/metrics/MetricsService.java
core/src/main/java/org/aerogear/mobile/core/metrics/impl/AppMetrics.java
core/src/main/java/org/aerogear/mobile/core/metrics/impl/DeviceMetrics.java
core/src/main/java/org/aerogear/mobile/core/metrics/publisher/LoggerMetricsPublisher.java
core/src/main/java/org/aerogear/mobile/core/metrics/publisher/NetworkMetricsPublisher.java
core/src/main/java/org/aerogear/mobile/core/utils/ClientIdGenerator.java
core/src/main/java/org/aerogear/mobile/core/utils/SanityCheck.java
core/src/main/res/values/strings.xml
core/src/test/AndroidManifest.xml
core/src/test/java/org/aerogear/mobile/core/MobileCoreTest.java
core/src/test/java/org/aerogear/mobile/core/configuration/MobileCoreParserTest.java
core/src/test/java/org/aerogear/mobile/core/configuration/ServiceConfigurationTest.java
core/src/test/java/org/aerogear/mobile/core/http/OkHttpServiceModuleTest.java
core/src/test/java/org/aerogear/mobile/core/metrics/MetricsServiceTest.java
core/src/test/java/org/aerogear/mobile/core/metrics/impl/AppMetricsTest.java
core/src/test/java/org/aerogear/mobile/core/metrics/impl/DeviceMetricsTest.java
core/src/test/java/org/aerogear/mobile/core/utils/SanityCheckTest.java
docs/README.adoc
docs/_distro_map.yml
docs/_topic_map.yml
docs/contributing-guide.adoc
docs/getting-started/auth-self-defence-checks.adoc
docs/getting-started/auth-single-sign-on.adoc
docs/getting-started/auth-user-attributes.adoc
docs/getting-started/auth.adoc
docs/getting-started/core.adoc
docs/getting-started/getting-started.adoc
docs/getting-started/metrics-development.adoc
docs/getting-started/metrics.adoc
docs/getting-started/shared
docs/shared/attributes.adoc
docs/shared/diagram.svg
docs/shared/keycloak-token-mapper.png
docs/shared/keycloak-user-attributes.png
docs/troubleshooting.adoc
example/.gitignore
example/build.gradle
example/proguard-rules.pro
example/src/main/AndroidManifest.xml
example/src/main/assets/mobile-services.json
example/src/main/java/org/aerogear/mobile/example/ExampleApplication.java
example/src/main/java/org/aerogear/mobile/example/model/User.java
example/src/main/java/org/aerogear/mobile/example/ui/AuthDetailsFragment.java
example/src/main/java/org/aerogear/mobile/example/ui/AuthFragment.java
example/src/main/java/org/aerogear/mobile/example/ui/BaseActivity.java
example/src/main/java/org/aerogear/mobile/example/ui/BaseFragment.java
example/src/main/java/org/aerogear/mobile/example/ui/HomeFragment.java
example/src/main/java/org/aerogear/mobile/example/ui/HttpFragment.java
example/src/main/java/org/aerogear/mobile/example/ui/MainActivity.java
example/src/main/java/org/aerogear/mobile/example/ui/SecurityServiceFragment.java
example/src/main/res/drawable/aerogear_icon.png
example/src/main/res/drawable/ag_background.xml
example/src/main/res/drawable/ic_backup.xml
example/src/main/res/drawable/ic_debug.xml
example/src/main/res/drawable/ic_developer_options.xml
example/src/main/res/drawable/ic_device_os.xml
example/src/main/res/drawable/ic_emulator.xml
example/src/main/res/drawable/ic_encrypt.xml
example/src/main/res/drawable/ic_home.xml
example/src/main/res/drawable/ic_hooking.xml
example/src/main/res/drawable/ic_http.xml
example/src/main/res/drawable/ic_https.xml
example/src/main/res/drawable/ic_lock_screen.xml
example/src/main/res/drawable/ic_openid_connect.png
example/src/main/res/drawable/ic_phone_lock.xml
example/src/main/res/drawable/ic_root.xml
example/src/main/res/drawable/profile_image_border.xml
example/src/main/res/drawable/side_nav_bar.xml
example/src/main/res/layout/activity_main.xml
example/src/main/res/layout/fragment_auth.xml
example/src/main/res/layout/fragment_auth_details.xml
example/src/main/res/layout/fragment_home.xml
example/src/main/res/layout/fragment_http.xml
example/src/main/res/layout/fragment_security_service.xml
example/src/main/res/layout/item_auth.xml
example/src/main/res/layout/item_http.xml
example/src/main/res/layout/nav_header_main.xml
example/src/main/res/menu/activity_main_drawer.xml
example/src/main/res/mipmap-hdpi/ic_launcher.png
example/src/main/res/mipmap-hdpi/ic_launcher_round.png
example/src/main/res/mipmap-mdpi/ic_launcher.png
example/src/main/res/mipmap-mdpi/ic_launcher_round.png
example/src/main/res/mipmap-xhdpi/ic_launcher.png
example/src/main/res/mipmap-xhdpi/ic_launcher_round.png
example/src/main/res/mipmap-xxhdpi/ic_launcher.png
example/src/main/res/mipmap-xxhdpi/ic_launcher_round.png
example/src/main/res/mipmap-xxxhdpi/ic_launcher.png
example/src/main/res/mipmap-xxxhdpi/ic_launcher_round.png
example/src/main/res/values-v21/styles.xml
example/src/main/res/values/colors.xml
example/src/main/res/values/dimens.xml
example/src/main/res/values/strings.xml
example/src/main/res/values/styles.xml
example/src/main/res/xml/network_security_config.xml
gradle-mvn-push.gradle
gradle.properties
gradle/wrapper/gradle-wrapper.jar
gradle/wrapper/gradle-wrapper.properties
gradlew
gradlew.bat
settings.gradle
